-------------------------------------------------------------------------------
Test set: com.cdc.springmybastis.controller.UserControllerTest
-------------------------------------------------------------------------------
Tests run: 1, Failures: 0, Errors: 1, Skipped: 0, Time elapsed: 0.137 s <<< FAILURE! - in com.cdc.springmybastis.controller.UserControllerTest
initializationError(com.cdc.springmybastis.controller.UserControllerTest)  Time elapsed: 0.004 s  <<< ERROR!
java.lang.Exception: No runnable methods

